<?xml version="1.0" encoding="UTF-8"?>
<!-- Generated by org.testng.reporters.JUnitReportReporter -->
<testsuite hostname="DESKTOP-IP7TE20" failures="0" tests="3" name="com.parabank.runner.Runner" time="1.048" errors="3" timestamp="2025-05-03T18:26:19 IST" skipped="0">
  <testcase classname="com.parabank.runner.Runner" name="runScenario" time="0.540">
    <error message="Cannot invoke &quot;com.parabank.pages.HomePage.clickOnRegister()&quot; because &quot;com.parabank.utilities.Webdriver_Utils.home&quot; is null" type="java.lang.NullPointerException">
      <![CDATA[java.lang.NullPointerException: Cannot invoke "com.parabank.pages.HomePage.clickOnRegister()" because "com.parabank.utilities.Webdriver_Utils.home" is null
at com.parabank.stepDefinitions.TC_003_User_Registration.user_is_on_the_registration_page(TC_003_User_Registration.java:12)
at ✽.User is on the registration page(file:///C:/WorkSpaces%202%20BDD/Parabank_Automation.BDD/src/test/resources/features/TC_002_User_Registration.feature:4)
]]>
    </error>
  </testcase> <!-- runScenario -->
  <testcase classname="com.parabank.runner.Runner" name="runScenario" time="0.370">
    <error message="Cannot invoke &quot;org.openqa.selenium.WebDriver.get(String)&quot; because &quot;com.parabank.utilities.Webdriver_Utils.driver&quot; is null" type="java.lang.NullPointerException">
      <![CDATA[java.lang.NullPointerException: Cannot invoke "org.openqa.selenium.WebDriver.get(String)" because "com.parabank.utilities.Webdriver_Utils.driver" is null
at com.parabank.stepDefinitions.TC_001_Successful_login_with_valid_credentials.Launch_application_on_browser(TC_001_Successful_login_with_valid_credentials.java:21)
at ✽.Launch application on browser(file:///C:/WorkSpaces%202%20BDD/Parabank_Automation.BDD/src/test/resources/features/TC_001_User_Login.feature:4)
]]>
    </error>
  </testcase> <!-- runScenario -->
  <testcase classname="com.parabank.runner.Runner" name="runScenario" time="0.138">
    <error message="Cannot invoke &quot;org.openqa.selenium.WebDriver.get(String)&quot; because &quot;com.parabank.utilities.Webdriver_Utils.driver&quot; is null" type="java.lang.NullPointerException">
      <![CDATA[java.lang.NullPointerException: Cannot invoke "org.openqa.selenium.WebDriver.get(String)" because "com.parabank.utilities.Webdriver_Utils.driver" is null
at com.parabank.stepDefinitions.TC_001_Successful_login_with_valid_credentials.Launch_application_on_browser(TC_001_Successful_login_with_valid_credentials.java:21)
at ✽.Launch application on browser(file:///C:/WorkSpaces%202%20BDD/Parabank_Automation.BDD/src/test/resources/features/TC_001_User_Login.feature:11)
]]>
    </error>
  </testcase> <!-- runScenario -->
</testsuite> <!-- com.parabank.runner.Runner -->
